#! /c/Source/iverilog-install/bin/vvp
:ivl_version "12.0 (devel)" "(s20150603-1539-g2693dd32b)";
:ivl_delay_selection "TYPICAL";
:vpi_time_precision + 0;
:vpi_module "C:\iverilog\lib\ivl\system.vpi";
:vpi_module "C:\iverilog\lib\ivl\vhdl_sys.vpi";
:vpi_module "C:\iverilog\lib\ivl\vhdl_textio.vpi";
:vpi_module "C:\iverilog\lib\ivl\v2005_math.vpi";
:vpi_module "C:\iverilog\lib\ivl\va_math.vpi";
S_000002572ef06670 .scope module, "DFlipFlop" "DFlipFlop" 2 12;
 .timescale 0 0;
    .port_info 0 /INPUT 1 "clk";
    .port_info 1 /INPUT 1 "data";
    .port_info 2 /OUTPUT 1 "q";
o000002572ef06f98 .functor BUFZ 1, C4<z>; HiZ drive
v000002572eebbf00_0 .net "clk", 0 0, o000002572ef06f98;  0 drivers
o000002572ef06fc8 .functor BUFZ 1, C4<z>; HiZ drive
v000002572ef06990_0 .net "data", 0 0, o000002572ef06fc8;  0 drivers
v000002572ef06a30_0 .var "q", 0 0;
E_000002572eebc880 .event posedge, v000002572eebbf00_0;
S_000002572ef06800 .scope module, "TFlipFlop_TB" "TFlipFlop_TB" 3 2;
 .timescale 0 0;
v000002572eeb6470_0 .var "clk", 0 0;
v000002572eeb6510_0 .net "q", 0 0, v000002572eebbc20_0;  1 drivers
v000002572eeb65b0_0 .var "toggle", 0 0;
S_000002572ef043e0 .scope module, "TFF1" "TFlipFlop" 3 7, 2 1 0, S_000002572ef06800;
 .timescale 0 0;
    .port_info 0 /INPUT 1 "clk";
    .port_info 1 /INPUT 1 "toggle";
    .port_info 2 /OUTPUT 1 "q";
v000002572ef04570_0 .net "clk", 0 0, v000002572eeb6470_0;  1 drivers
v000002572eebbc20_0 .var "q", 0 0;
v000002572eebbcc0_0 .net "toggle", 0 0, v000002572eeb65b0_0;  1 drivers
E_000002572eebd280 .event posedge, v000002572ef04570_0;
    .scope S_000002572ef06670;
T_0 ;
    %wait E_000002572eebc880;
    %load/vec4 v000002572ef06990_0;
    %assign/vec4 v000002572ef06a30_0, 0;
    %jmp T_0;
    .thread T_0;
    .scope S_000002572ef043e0;
T_1 ;
    %wait E_000002572eebd280;
    %load/vec4 v000002572eebbcc0_0;
    %flag_set/vec4 8;
    %jmp/0xz  T_1.0, 8;
    %load/vec4 v000002572eebbc20_0;
    %inv;
    %assign/vec4 v000002572eebbc20_0, 0;
    %jmp T_1.1;
T_1.0 ;
    %load/vec4 v000002572eebbc20_0;
    %assign/vec4 v000002572eebbc20_0, 0;
T_1.1 ;
    %jmp T_1;
    .thread T_1;
    .scope S_000002572ef06800;
T_2 ;
    %pushi/vec4 0, 0, 1;
    %store/vec4 v000002572eeb6470_0, 0, 1;
    %pushi/vec4 0, 0, 1;
    %store/vec4 v000002572eeb65b0_0, 0, 1;
    %end;
    .thread T_2;
    .scope S_000002572ef06800;
T_3 ;
    %delay 2, 0;
    %pushi/vec4 1, 0, 1;
    %store/vec4 v000002572eeb6470_0, 0, 1;
    %delay 2, 0;
    %pushi/vec4 0, 0, 1;
    %store/vec4 v000002572eeb6470_0, 0, 1;
    %jmp T_3;
    .thread T_3;
    .scope S_000002572ef06800;
T_4 ;
    %vpi_call 3 14 "$dumpfile", "TFFdump.vcd" {0 0 0};
    %vpi_call 3 15 "$dumpvars", v000002572eeb6470_0, v000002572eeb6470_0, v000002572eeb65b0_0, v000002572eeb6510_0 {0 0 0};
    %delay 5, 0;
    %pushi/vec4 1, 0, 1;
    %store/vec4 v000002572eeb65b0_0, 0, 1;
    %delay 4, 0;
    %pushi/vec4 0, 0, 1;
    %store/vec4 v000002572eeb65b0_0, 0, 1;
    %delay 6, 0;
    %pushi/vec4 1, 0, 1;
    %store/vec4 v000002572eeb65b0_0, 0, 1;
    %delay 9, 0;
    %pushi/vec4 0, 0, 1;
    %store/vec4 v000002572eeb65b0_0, 0, 1;
    %delay 5, 0;
    %vpi_call 3 21 "$finish" {0 0 0};
    %end;
    .thread T_4;
# The file index is used to find the file name in the following table.
:file_names 4;
    "N/A";
    "<interactive>";
    "./Poster_Example1.v";
    "Poster_Example_tb.v";
