#! /c/Source/iverilog-install/bin/vvp
:ivl_version "12.0 (devel)" "(s20150603-1539-g2693dd32b)";
:ivl_delay_selection "TYPICAL";
:vpi_time_precision - 3;
:vpi_module "C:\iverilog\lib\ivl\system.vpi";
:vpi_module "C:\iverilog\lib\ivl\vhdl_sys.vpi";
:vpi_module "C:\iverilog\lib\ivl\vhdl_textio.vpi";
:vpi_module "C:\iverilog\lib\ivl\v2005_math.vpi";
:vpi_module "C:\iverilog\lib\ivl\va_math.vpi";
S_000001bec516e6b0 .scope module, "Mux16_tb" "Mux16_tb" 2 3;
 .timescale -3 -3;
v000001bec51cd260_0 .var "a", 15 0;
v000001bec51ccb80_0 .var "b", 15 0;
v000001bec51cce00_0 .net "out", 15 0, L_000001bec51d6050;  1 drivers
v000001bec51ccc20_0 .var "sel", 0 0;
S_000001bec514d040 .scope module, "mux" "Mux16" 2 8, 3 2 0, S_000001bec516e6b0;
 .timescale 0 0;
    .port_info 0 /INPUT 16 "a";
    .port_info 1 /INPUT 16 "b";
    .port_info 2 /INPUT 1 "sel";
    .port_info 3 /OUTPUT 16 "out";
L_000001bec51d1860 .functor NOT 1, v000001bec51ccc20_0, C4<0>, C4<0>, C4<0>;
v000001bec51ccfe0_0 .net "a", 15 0, v000001bec51cd260_0;  1 drivers
v000001bec51cd1c0_0 .net "b", 15 0, v000001bec51ccb80_0;  1 drivers
v000001bec51ccea0_0 .net "notsel", 0 0, L_000001bec51d1860;  1 drivers
v000001bec51ccae0_0 .net "out", 15 0, L_000001bec51d6050;  alias, 1 drivers
v000001bec51ce200_0 .net "sel", 0 0, v000001bec51ccc20_0;  1 drivers
L_000001bec51ce3e0 .part v000001bec51cd260_0, 0, 1;
L_000001bec51cd3a0 .part v000001bec51ccb80_0, 0, 1;
L_000001bec51cccc0 .part v000001bec51cd260_0, 1, 1;
L_000001bec51ce480 .part v000001bec51ccb80_0, 1, 1;
L_000001bec51ce340 .part v000001bec51cd260_0, 2, 1;
L_000001bec51ccf40 .part v000001bec51ccb80_0, 2, 1;
L_000001bec51cd8a0 .part v000001bec51cd260_0, 3, 1;
L_000001bec51cdc60 .part v000001bec51ccb80_0, 3, 1;
L_000001bec51cd080 .part v000001bec51cd260_0, 4, 1;
L_000001bec51cd440 .part v000001bec51ccb80_0, 4, 1;
L_000001bec51cd300 .part v000001bec51cd260_0, 5, 1;
L_000001bec51cdbc0 .part v000001bec51ccb80_0, 5, 1;
L_000001bec51cd4e0 .part v000001bec51cd260_0, 6, 1;
L_000001bec51ce660 .part v000001bec51ccb80_0, 6, 1;
L_000001bec51cd580 .part v000001bec51cd260_0, 7, 1;
L_000001bec51cd620 .part v000001bec51ccb80_0, 7, 1;
L_000001bec51cdee0 .part v000001bec51cd260_0, 8, 1;
L_000001bec51cd6c0 .part v000001bec51ccb80_0, 8, 1;
L_000001bec51cd800 .part v000001bec51cd260_0, 9, 1;
L_000001bec51cd9e0 .part v000001bec51ccb80_0, 9, 1;
L_000001bec51cdb20 .part v000001bec51cd260_0, 10, 1;
L_000001bec51cdd00 .part v000001bec51ccb80_0, 10, 1;
L_000001bec51d44d0 .part v000001bec51cd260_0, 11, 1;
L_000001bec51d4570 .part v000001bec51ccb80_0, 11, 1;
L_000001bec51d41b0 .part v000001bec51cd260_0, 12, 1;
L_000001bec51d4610 .part v000001bec51ccb80_0, 12, 1;
L_000001bec51d5a10 .part v000001bec51cd260_0, 13, 1;
L_000001bec51d5010 .part v000001bec51ccb80_0, 13, 1;
L_000001bec51d5d30 .part v000001bec51cd260_0, 14, 1;
L_000001bec51d4750 .part v000001bec51ccb80_0, 14, 1;
L_000001bec51d4a70 .part v000001bec51cd260_0, 15, 1;
L_000001bec51d46b0 .part v000001bec51ccb80_0, 15, 1;
LS_000001bec51d6050_0_0 .concat8 [ 1 1 1 1], L_000001bec51d1b00, L_000001bec51d1160, L_000001bec51d1be0, L_000001bec51d1470;
LS_000001bec51d6050_0_4 .concat8 [ 1 1 1 1], L_000001bec51d19b0, L_000001bec51d10f0, L_000001bec51d1630, L_000001bec51d0f30;
LS_000001bec51d6050_0_8 .concat8 [ 1 1 1 1], L_000001bec51d2580, L_000001bec51d2430, L_000001bec51d27b0, L_000001bec51d2660;
LS_000001bec51d6050_0_12 .concat8 [ 1 1 1 1], L_000001bec51d2a50, L_000001bec51d2d60, L_000001bec51d2890, L_000001bec51d2ba0;
L_000001bec51d6050 .concat8 [ 4 4 4 4], LS_000001bec51d6050_0_0, LS_000001bec51d6050_0_4, LS_000001bec51d6050_0_8, LS_000001bec51d6050_0_12;
S_000001bec514d1d0 .scope module, "mux0" "Mux" 3 9, 4 1 0, S_000001bec514d040;
 .timescale 0 0;
    .port_info 0 /INPUT 1 "a";
    .port_info 1 /INPUT 1 "b";
    .port_info 2 /INPUT 1 "sel";
    .port_info 3 /OUTPUT 1 "out";
L_000001bec51d18d0 .functor NOT 1, v000001bec51ccc20_0, C4<0>, C4<0>, C4<0>;
L_000001bec51d1080 .functor AND 1, L_000001bec51ce3e0, L_000001bec51d18d0, C4<1>, C4<1>;
L_000001bec51d1b70 .functor AND 1, L_000001bec51cd3a0, v000001bec51ccc20_0, C4<1>, C4<1>;
L_000001bec51d1b00 .functor OR 1, L_000001bec51d1080, L_000001bec51d1b70, C4<0>, C4<0>;
v000001bec5166580_0 .net *"_ivl_0", 0 0, L_000001bec51d18d0;  1 drivers
v000001bec51666c0_0 .net *"_ivl_2", 0 0, L_000001bec51d1080;  1 drivers
v000001bec5166260_0 .net *"_ivl_4", 0 0, L_000001bec51d1b70;  1 drivers
v000001bec5167840_0 .net "a", 0 0, L_000001bec51ce3e0;  1 drivers
v000001bec51673e0_0 .net "b", 0 0, L_000001bec51cd3a0;  1 drivers
v000001bec5167700_0 .net "out", 0 0, L_000001bec51d1b00;  1 drivers
v000001bec5166d00_0 .net "sel", 0 0, v000001bec51ccc20_0;  alias, 1 drivers
S_000001bec5216c40 .scope module, "mux1" "Mux" 3 10, 4 1 0, S_000001bec514d040;
 .timescale 0 0;
    .port_info 0 /INPUT 1 "a";
    .port_info 1 /INPUT 1 "b";
    .port_info 2 /INPUT 1 "sel";
    .port_info 3 /OUTPUT 1 "out";
L_000001bec51d1a90 .functor NOT 1, v000001bec51ccc20_0, C4<0>, C4<0>, C4<0>;
L_000001bec51d1320 .functor AND 1, L_000001bec51cccc0, L_000001bec51d1a90, C4<1>, C4<1>;
L_000001bec51d1710 .functor AND 1, L_000001bec51ce480, v000001bec51ccc20_0, C4<1>, C4<1>;
L_000001bec51d1160 .functor OR 1, L_000001bec51d1320, L_000001bec51d1710, C4<0>, C4<0>;
v000001bec5166120_0 .net *"_ivl_0", 0 0, L_000001bec51d1a90;  1 drivers
v000001bec5167ac0_0 .net *"_ivl_2", 0 0, L_000001bec51d1320;  1 drivers
v000001bec5166da0_0 .net *"_ivl_4", 0 0, L_000001bec51d1710;  1 drivers
v000001bec5166800_0 .net "a", 0 0, L_000001bec51cccc0;  1 drivers
v000001bec51668a0_0 .net "b", 0 0, L_000001bec51ce480;  1 drivers
v000001bec5166e40_0 .net "out", 0 0, L_000001bec51d1160;  1 drivers
v000001bec5167660_0 .net "sel", 0 0, v000001bec51ccc20_0;  alias, 1 drivers
S_000001bec5216dd0 .scope module, "mux10" "Mux" 3 19, 4 1 0, S_000001bec514d040;
 .timescale 0 0;
    .port_info 0 /INPUT 1 "a";
    .port_info 1 /INPUT 1 "b";
    .port_info 2 /INPUT 1 "sel";
    .port_info 3 /OUTPUT 1 "out";
L_000001bec51d2740 .functor NOT 1, v000001bec51ccc20_0, C4<0>, C4<0>, C4<0>;
L_000001bec51d2350 .functor AND 1, L_000001bec51cdb20, L_000001bec51d2740, C4<1>, C4<1>;
L_000001bec51d29e0 .functor AND 1, L_000001bec51cdd00, v000001bec51ccc20_0, C4<1>, C4<1>;
L_000001bec51d27b0 .functor OR 1, L_000001bec51d2350, L_000001bec51d29e0, C4<0>, C4<0>;
v000001bec5166ee0_0 .net *"_ivl_0", 0 0, L_000001bec51d2740;  1 drivers
v000001bec5166440_0 .net *"_ivl_2", 0 0, L_000001bec51d2350;  1 drivers
v000001bec5166f80_0 .net *"_ivl_4", 0 0, L_000001bec51d29e0;  1 drivers
v000001bec5166940_0 .net "a", 0 0, L_000001bec51cdb20;  1 drivers
v000001bec51670c0_0 .net "b", 0 0, L_000001bec51cdd00;  1 drivers
v000001bec51669e0_0 .net "out", 0 0, L_000001bec51d27b0;  1 drivers
v000001bec5167160_0 .net "sel", 0 0, v000001bec51ccc20_0;  alias, 1 drivers
S_000001bec51c9810 .scope module, "mux11" "Mux" 3 20, 4 1 0, S_000001bec514d040;
 .timescale 0 0;
    .port_info 0 /INPUT 1 "a";
    .port_info 1 /INPUT 1 "b";
    .port_info 2 /INPUT 1 "sel";
    .port_info 3 /OUTPUT 1 "out";
L_000001bec51d2dd0 .functor NOT 1, v000001bec51ccc20_0, C4<0>, C4<0>, C4<0>;
L_000001bec51d25f0 .functor AND 1, L_000001bec51d44d0, L_000001bec51d2dd0, C4<1>, C4<1>;
L_000001bec51d2c80 .functor AND 1, L_000001bec51d4570, v000001bec51ccc20_0, C4<1>, C4<1>;
L_000001bec51d2660 .functor OR 1, L_000001bec51d25f0, L_000001bec51d2c80, C4<0>, C4<0>;
v000001bec5167200_0 .net *"_ivl_0", 0 0, L_000001bec51d2dd0;  1 drivers
v000001bec51661c0_0 .net *"_ivl_2", 0 0, L_000001bec51d25f0;  1 drivers
v000001bec51672a0_0 .net *"_ivl_4", 0 0, L_000001bec51d2c80;  1 drivers
v000001bec51677a0_0 .net "a", 0 0, L_000001bec51d44d0;  1 drivers
v000001bec5167b60_0 .net "b", 0 0, L_000001bec51d4570;  1 drivers
v000001bec5167c00_0 .net "out", 0 0, L_000001bec51d2660;  1 drivers
v000001bec5167ca0_0 .net "sel", 0 0, v000001bec51ccc20_0;  alias, 1 drivers
S_000001bec51c99a0 .scope module, "mux12" "Mux" 3 21, 4 1 0, S_000001bec514d040;
 .timescale 0 0;
    .port_info 0 /INPUT 1 "a";
    .port_info 1 /INPUT 1 "b";
    .port_info 2 /INPUT 1 "sel";
    .port_info 3 /OUTPUT 1 "out";
L_000001bec51d26d0 .functor NOT 1, v000001bec51ccc20_0, C4<0>, C4<0>, C4<0>;
L_000001bec51d2cf0 .functor AND 1, L_000001bec51d41b0, L_000001bec51d26d0, C4<1>, C4<1>;
L_000001bec51d2510 .functor AND 1, L_000001bec51d4610, v000001bec51ccc20_0, C4<1>, C4<1>;
L_000001bec51d2a50 .functor OR 1, L_000001bec51d2cf0, L_000001bec51d2510, C4<0>, C4<0>;
v000001bec5167d40_0 .net *"_ivl_0", 0 0, L_000001bec51d26d0;  1 drivers
v000001bec5165ea0_0 .net *"_ivl_2", 0 0, L_000001bec51d2cf0;  1 drivers
v000001bec5166300_0 .net *"_ivl_4", 0 0, L_000001bec51d2510;  1 drivers
v000001bec51663a0_0 .net "a", 0 0, L_000001bec51d41b0;  1 drivers
v000001bec515d2a0_0 .net "b", 0 0, L_000001bec51d4610;  1 drivers
v000001bec515dfc0_0 .net "out", 0 0, L_000001bec51d2a50;  1 drivers
v000001bec515eba0_0 .net "sel", 0 0, v000001bec51ccc20_0;  alias, 1 drivers
S_000001bec51c9b30 .scope module, "mux13" "Mux" 3 22, 4 1 0, S_000001bec514d040;
 .timescale 0 0;
    .port_info 0 /INPUT 1 "a";
    .port_info 1 /INPUT 1 "b";
    .port_info 2 /INPUT 1 "sel";
    .port_info 3 /OUTPUT 1 "out";
L_000001bec51d2c10 .functor NOT 1, v000001bec51ccc20_0, C4<0>, C4<0>, C4<0>;
L_000001bec51d2820 .functor AND 1, L_000001bec51d5a10, L_000001bec51d2c10, C4<1>, C4<1>;
L_000001bec51d24a0 .functor AND 1, L_000001bec51d5010, v000001bec51ccc20_0, C4<1>, C4<1>;
L_000001bec51d2d60 .functor OR 1, L_000001bec51d2820, L_000001bec51d24a0, C4<0>, C4<0>;
v000001bec515e1a0_0 .net *"_ivl_0", 0 0, L_000001bec51d2c10;  1 drivers
v000001bec515cee0_0 .net *"_ivl_2", 0 0, L_000001bec51d2820;  1 drivers
v000001bec515d340_0 .net *"_ivl_4", 0 0, L_000001bec51d24a0;  1 drivers
v000001bec515e420_0 .net "a", 0 0, L_000001bec51d5a10;  1 drivers
v000001bec515e7e0_0 .net "b", 0 0, L_000001bec51d5010;  1 drivers
v000001bec51435a0_0 .net "out", 0 0, L_000001bec51d2d60;  1 drivers
v000001bec51430a0_0 .net "sel", 0 0, v000001bec51ccc20_0;  alias, 1 drivers
S_000001bec51c9cc0 .scope module, "mux14" "Mux" 3 23, 4 1 0, S_000001bec514d040;
 .timescale 0 0;
    .port_info 0 /INPUT 1 "a";
    .port_info 1 /INPUT 1 "b";
    .port_info 2 /INPUT 1 "sel";
    .port_info 3 /OUTPUT 1 "out";
L_000001bec51d2ac0 .functor NOT 1, v000001bec51ccc20_0, C4<0>, C4<0>, C4<0>;
L_000001bec51d22e0 .functor AND 1, L_000001bec51d5d30, L_000001bec51d2ac0, C4<1>, C4<1>;
L_000001bec51d2f20 .functor AND 1, L_000001bec51d4750, v000001bec51ccc20_0, C4<1>, C4<1>;
L_000001bec51d2890 .functor OR 1, L_000001bec51d22e0, L_000001bec51d2f20, C4<0>, C4<0>;
v000001bec5143140_0 .net *"_ivl_0", 0 0, L_000001bec51d2ac0;  1 drivers
v000001bec51cb020_0 .net *"_ivl_2", 0 0, L_000001bec51d22e0;  1 drivers
v000001bec51c9f40_0 .net *"_ivl_4", 0 0, L_000001bec51d2f20;  1 drivers
v000001bec51cb7a0_0 .net "a", 0 0, L_000001bec51d5d30;  1 drivers
v000001bec51ca620_0 .net "b", 0 0, L_000001bec51d4750;  1 drivers
v000001bec51cb0c0_0 .net "out", 0 0, L_000001bec51d2890;  1 drivers
v000001bec51c9fe0_0 .net "sel", 0 0, v000001bec51ccc20_0;  alias, 1 drivers
S_000001bec51cbe60 .scope module, "mux15" "Mux" 3 24, 4 1 0, S_000001bec514d040;
 .timescale 0 0;
    .port_info 0 /INPUT 1 "a";
    .port_info 1 /INPUT 1 "b";
    .port_info 2 /INPUT 1 "sel";
    .port_info 3 /OUTPUT 1 "out";
L_000001bec51d2f90 .functor NOT 1, v000001bec51ccc20_0, C4<0>, C4<0>, C4<0>;
L_000001bec51d2900 .functor AND 1, L_000001bec51d4a70, L_000001bec51d2f90, C4<1>, C4<1>;
L_000001bec51d2970 .functor AND 1, L_000001bec51d46b0, v000001bec51ccc20_0, C4<1>, C4<1>;
L_000001bec51d2ba0 .functor OR 1, L_000001bec51d2900, L_000001bec51d2970, C4<0>, C4<0>;
v000001bec51caee0_0 .net *"_ivl_0", 0 0, L_000001bec51d2f90;  1 drivers
v000001bec51ca6c0_0 .net *"_ivl_2", 0 0, L_000001bec51d2900;  1 drivers
v000001bec51cb160_0 .net *"_ivl_4", 0 0, L_000001bec51d2970;  1 drivers
v000001bec51cb700_0 .net "a", 0 0, L_000001bec51d4a70;  1 drivers
v000001bec51c9ea0_0 .net "b", 0 0, L_000001bec51d46b0;  1 drivers
v000001bec51cada0_0 .net "out", 0 0, L_000001bec51d2ba0;  1 drivers
v000001bec51caf80_0 .net "sel", 0 0, v000001bec51ccc20_0;  alias, 1 drivers
S_000001bec51cbff0 .scope module, "mux2" "Mux" 3 11, 4 1 0, S_000001bec514d040;
 .timescale 0 0;
    .port_info 0 /INPUT 1 "a";
    .port_info 1 /INPUT 1 "b";
    .port_info 2 /INPUT 1 "sel";
    .port_info 3 /OUTPUT 1 "out";
L_000001bec51d1390 .functor NOT 1, v000001bec51ccc20_0, C4<0>, C4<0>, C4<0>;
L_000001bec51d11d0 .functor AND 1, L_000001bec51ce340, L_000001bec51d1390, C4<1>, C4<1>;
L_000001bec51d1400 .functor AND 1, L_000001bec51ccf40, v000001bec51ccc20_0, C4<1>, C4<1>;
L_000001bec51d1be0 .functor OR 1, L_000001bec51d11d0, L_000001bec51d1400, C4<0>, C4<0>;
v000001bec51ca800_0 .net *"_ivl_0", 0 0, L_000001bec51d1390;  1 drivers
v000001bec51cb840_0 .net *"_ivl_2", 0 0, L_000001bec51d11d0;  1 drivers
v000001bec51ca760_0 .net *"_ivl_4", 0 0, L_000001bec51d1400;  1 drivers
v000001bec51cb200_0 .net "a", 0 0, L_000001bec51ce340;  1 drivers
v000001bec51cb2a0_0 .net "b", 0 0, L_000001bec51ccf40;  1 drivers
v000001bec51cabc0_0 .net "out", 0 0, L_000001bec51d1be0;  1 drivers
v000001bec51cb340_0 .net "sel", 0 0, v000001bec51ccc20_0;  alias, 1 drivers
S_000001bec51cc180 .scope module, "mux3" "Mux" 3 12, 4 1 0, S_000001bec514d040;
 .timescale 0 0;
    .port_info 0 /INPUT 1 "a";
    .port_info 1 /INPUT 1 "b";
    .port_info 2 /INPUT 1 "sel";
    .port_info 3 /OUTPUT 1 "out";
L_000001bec51d1940 .functor NOT 1, v000001bec51ccc20_0, C4<0>, C4<0>, C4<0>;
L_000001bec51d0ec0 .functor AND 1, L_000001bec51cd8a0, L_000001bec51d1940, C4<1>, C4<1>;
L_000001bec51d0fa0 .functor AND 1, L_000001bec51cdc60, v000001bec51ccc20_0, C4<1>, C4<1>;
L_000001bec51d1470 .functor OR 1, L_000001bec51d0ec0, L_000001bec51d0fa0, C4<0>, C4<0>;
v000001bec51ca580_0 .net *"_ivl_0", 0 0, L_000001bec51d1940;  1 drivers
v000001bec51cb5c0_0 .net *"_ivl_2", 0 0, L_000001bec51d0ec0;  1 drivers
v000001bec51cb3e0_0 .net *"_ivl_4", 0 0, L_000001bec51d0fa0;  1 drivers
v000001bec51cb8e0_0 .net "a", 0 0, L_000001bec51cd8a0;  1 drivers
v000001bec51cad00_0 .net "b", 0 0, L_000001bec51cdc60;  1 drivers
v000001bec51ca8a0_0 .net "out", 0 0, L_000001bec51d1470;  1 drivers
v000001bec51ca300_0 .net "sel", 0 0, v000001bec51ccc20_0;  alias, 1 drivers
S_000001bec51cc310 .scope module, "mux4" "Mux" 3 13, 4 1 0, S_000001bec514d040;
 .timescale 0 0;
    .port_info 0 /INPUT 1 "a";
    .port_info 1 /INPUT 1 "b";
    .port_info 2 /INPUT 1 "sel";
    .port_info 3 /OUTPUT 1 "out";
L_000001bec51d16a0 .functor NOT 1, v000001bec51ccc20_0, C4<0>, C4<0>, C4<0>;
L_000001bec51d14e0 .functor AND 1, L_000001bec51cd080, L_000001bec51d16a0, C4<1>, C4<1>;
L_000001bec51d1780 .functor AND 1, L_000001bec51cd440, v000001bec51ccc20_0, C4<1>, C4<1>;
L_000001bec51d19b0 .functor OR 1, L_000001bec51d14e0, L_000001bec51d1780, C4<0>, C4<0>;
v000001bec51ca3a0_0 .net *"_ivl_0", 0 0, L_000001bec51d16a0;  1 drivers
v000001bec51ca940_0 .net *"_ivl_2", 0 0, L_000001bec51d14e0;  1 drivers
v000001bec51ca9e0_0 .net *"_ivl_4", 0 0, L_000001bec51d1780;  1 drivers
v000001bec51cae40_0 .net "a", 0 0, L_000001bec51cd080;  1 drivers
v000001bec51cb480_0 .net "b", 0 0, L_000001bec51cd440;  1 drivers
v000001bec51cbd40_0 .net "out", 0 0, L_000001bec51d19b0;  1 drivers
v000001bec51caa80_0 .net "sel", 0 0, v000001bec51ccc20_0;  alias, 1 drivers
S_000001bec51cc4a0 .scope module, "mux5" "Mux" 3 14, 4 1 0, S_000001bec514d040;
 .timescale 0 0;
    .port_info 0 /INPUT 1 "a";
    .port_info 1 /INPUT 1 "b";
    .port_info 2 /INPUT 1 "sel";
    .port_info 3 /OUTPUT 1 "out";
L_000001bec51d0e50 .functor NOT 1, v000001bec51ccc20_0, C4<0>, C4<0>, C4<0>;
L_000001bec51d0d70 .functor AND 1, L_000001bec51cd300, L_000001bec51d0e50, C4<1>, C4<1>;
L_000001bec51d1240 .functor AND 1, L_000001bec51cdbc0, v000001bec51ccc20_0, C4<1>, C4<1>;
L_000001bec51d10f0 .functor OR 1, L_000001bec51d0d70, L_000001bec51d1240, C4<0>, C4<0>;
v000001bec51cb980_0 .net *"_ivl_0", 0 0, L_000001bec51d0e50;  1 drivers
v000001bec51ca080_0 .net *"_ivl_2", 0 0, L_000001bec51d0d70;  1 drivers
v000001bec51cab20_0 .net *"_ivl_4", 0 0, L_000001bec51d1240;  1 drivers
v000001bec51cb520_0 .net "a", 0 0, L_000001bec51cd300;  1 drivers
v000001bec51cb660_0 .net "b", 0 0, L_000001bec51cdbc0;  1 drivers
v000001bec51cac60_0 .net "out", 0 0, L_000001bec51d10f0;  1 drivers
v000001bec51cba20_0 .net "sel", 0 0, v000001bec51ccc20_0;  alias, 1 drivers
S_000001bec51cc630 .scope module, "mux6" "Mux" 3 15, 4 1 0, S_000001bec514d040;
 .timescale 0 0;
    .port_info 0 /INPUT 1 "a";
    .port_info 1 /INPUT 1 "b";
    .port_info 2 /INPUT 1 "sel";
    .port_info 3 /OUTPUT 1 "out";
L_000001bec51d12b0 .functor NOT 1, v000001bec51ccc20_0, C4<0>, C4<0>, C4<0>;
L_000001bec51d0de0 .functor AND 1, L_000001bec51cd4e0, L_000001bec51d12b0, C4<1>, C4<1>;
L_000001bec51d15c0 .functor AND 1, L_000001bec51ce660, v000001bec51ccc20_0, C4<1>, C4<1>;
L_000001bec51d1630 .functor OR 1, L_000001bec51d0de0, L_000001bec51d15c0, C4<0>, C4<0>;
v000001bec51cbac0_0 .net *"_ivl_0", 0 0, L_000001bec51d12b0;  1 drivers
v000001bec51ca440_0 .net *"_ivl_2", 0 0, L_000001bec51d0de0;  1 drivers
v000001bec51ca120_0 .net *"_ivl_4", 0 0, L_000001bec51d15c0;  1 drivers
v000001bec51cbb60_0 .net "a", 0 0, L_000001bec51cd4e0;  1 drivers
v000001bec51ca1c0_0 .net "b", 0 0, L_000001bec51ce660;  1 drivers
v000001bec51ca260_0 .net "out", 0 0, L_000001bec51d1630;  1 drivers
v000001bec51ca4e0_0 .net "sel", 0 0, v000001bec51ccc20_0;  alias, 1 drivers
S_000001bec51cc7c0 .scope module, "mux7" "Mux" 3 16, 4 1 0, S_000001bec514d040;
 .timescale 0 0;
    .port_info 0 /INPUT 1 "a";
    .port_info 1 /INPUT 1 "b";
    .port_info 2 /INPUT 1 "sel";
    .port_info 3 /OUTPUT 1 "out";
L_000001bec51d17f0 .functor NOT 1, v000001bec51ccc20_0, C4<0>, C4<0>, C4<0>;
L_000001bec51d1550 .functor AND 1, L_000001bec51cd580, L_000001bec51d17f0, C4<1>, C4<1>;
L_000001bec51d1a20 .functor AND 1, L_000001bec51cd620, v000001bec51ccc20_0, C4<1>, C4<1>;
L_000001bec51d0f30 .functor OR 1, L_000001bec51d1550, L_000001bec51d1a20, C4<0>, C4<0>;
v000001bec51cbc00_0 .net *"_ivl_0", 0 0, L_000001bec51d17f0;  1 drivers
v000001bec51cbca0_0 .net *"_ivl_2", 0 0, L_000001bec51d1550;  1 drivers
v000001bec51cde40_0 .net *"_ivl_4", 0 0, L_000001bec51d1a20;  1 drivers
v000001bec51ce7a0_0 .net "a", 0 0, L_000001bec51cd580;  1 drivers
v000001bec51ce020_0 .net "b", 0 0, L_000001bec51cd620;  1 drivers
v000001bec51cd120_0 .net "out", 0 0, L_000001bec51d0f30;  1 drivers
v000001bec51ce0c0_0 .net "sel", 0 0, v000001bec51ccc20_0;  alias, 1 drivers
S_000001bec51ce960 .scope module, "mux8" "Mux" 3 17, 4 1 0, S_000001bec514d040;
 .timescale 0 0;
    .port_info 0 /INPUT 1 "a";
    .port_info 1 /INPUT 1 "b";
    .port_info 2 /INPUT 1 "sel";
    .port_info 3 /OUTPUT 1 "out";
L_000001bec51d1c50 .functor NOT 1, v000001bec51ccc20_0, C4<0>, C4<0>, C4<0>;
L_000001bec51d1010 .functor AND 1, L_000001bec51cdee0, L_000001bec51d1c50, C4<1>, C4<1>;
L_000001bec51d2e40 .functor AND 1, L_000001bec51cd6c0, v000001bec51ccc20_0, C4<1>, C4<1>;
L_000001bec51d2580 .functor OR 1, L_000001bec51d1010, L_000001bec51d2e40, C4<0>, C4<0>;
v000001bec51cc9a0_0 .net *"_ivl_0", 0 0, L_000001bec51d1c50;  1 drivers
v000001bec51ccd60_0 .net *"_ivl_2", 0 0, L_000001bec51d1010;  1 drivers
v000001bec51cdda0_0 .net *"_ivl_4", 0 0, L_000001bec51d2e40;  1 drivers
v000001bec51cda80_0 .net "a", 0 0, L_000001bec51cdee0;  1 drivers
v000001bec51ce2a0_0 .net "b", 0 0, L_000001bec51cd6c0;  1 drivers
v000001bec51cdf80_0 .net "out", 0 0, L_000001bec51d2580;  1 drivers
v000001bec51cd760_0 .net "sel", 0 0, v000001bec51ccc20_0;  alias, 1 drivers
S_000001bec51cfce0 .scope module, "mux9" "Mux" 3 18, 4 1 0, S_000001bec514d040;
 .timescale 0 0;
    .port_info 0 /INPUT 1 "a";
    .port_info 1 /INPUT 1 "b";
    .port_info 2 /INPUT 1 "sel";
    .port_info 3 /OUTPUT 1 "out";
L_000001bec51d23c0 .functor NOT 1, v000001bec51ccc20_0, C4<0>, C4<0>, C4<0>;
L_000001bec51d2eb0 .functor AND 1, L_000001bec51cd800, L_000001bec51d23c0, C4<1>, C4<1>;
L_000001bec51d2b30 .functor AND 1, L_000001bec51cd9e0, v000001bec51ccc20_0, C4<1>, C4<1>;
L_000001bec51d2430 .functor OR 1, L_000001bec51d2eb0, L_000001bec51d2b30, C4<0>, C4<0>;
v000001bec51ce840_0 .net *"_ivl_0", 0 0, L_000001bec51d23c0;  1 drivers
v000001bec51ce700_0 .net *"_ivl_2", 0 0, L_000001bec51d2eb0;  1 drivers
v000001bec51cd940_0 .net *"_ivl_4", 0 0, L_000001bec51d2b30;  1 drivers
v000001bec51ce160_0 .net "a", 0 0, L_000001bec51cd800;  1 drivers
v000001bec51cca40_0 .net "b", 0 0, L_000001bec51cd9e0;  1 drivers
v000001bec51ce520_0 .net "out", 0 0, L_000001bec51d2430;  1 drivers
v000001bec51ce5c0_0 .net "sel", 0 0, v000001bec51ccc20_0;  alias, 1 drivers
    .scope S_000001bec516e6b0;
T_0 ;
    %pushi/vec4 36404, 0, 16;
    %store/vec4 v000001bec51cd260_0, 0, 16;
    %pushi/vec4 29131, 0, 16;
    %store/vec4 v000001bec51ccb80_0, 0, 16;
    %pushi/vec4 1, 0, 1;
    %store/vec4 v000001bec51ccc20_0, 0, 1;
    %end;
    .thread T_0;
    .scope S_000001bec516e6b0;
T_1 ;
    %vpi_call 2 10 "$dumpfile", "Mux16_tb_dump.vcd" {0 0 0};
    %vpi_call 2 11 "$dumpvars", v000001bec51cd260_0, v000001bec51cd260_0, v000001bec51ccb80_0, v000001bec51ccc20_0, v000001bec51cce00_0 {0 0 0};
    %delay 1, 0;
    %load/vec4 v000001bec51cce00_0;
    %load/vec4 v000001bec51ccb80_0;
    %cmp/e;
    %jmp/0xz  T_1.0, 4;
    %vpi_call 2 14 "$display", "First test pass" {0 0 0};
    %jmp T_1.1;
T_1.0 ;
    %vpi_call 2 16 "$display", "First test fail" {0 0 0};
T_1.1 ;
    %delay 1, 0;
    %pushi/vec4 0, 0, 1;
    %store/vec4 v000001bec51ccc20_0, 0, 1;
    %load/vec4 v000001bec51cce00_0;
    %load/vec4 v000001bec51cd260_0;
    %cmp/e;
    %jmp/0xz  T_1.2, 4;
    %vpi_call 2 20 "$display", "Seconf test pass" {0 0 0};
    %jmp T_1.3;
T_1.2 ;
    %vpi_call 2 22 "$display", "Second test fail" {0 0 0};
T_1.3 ;
    %delay 1, 0;
    %pushi/vec4 37407, 0, 16;
    %store/vec4 v000001bec51ccb80_0, 0, 16;
    %load/vec4 v000001bec51cce00_0;
    %load/vec4 v000001bec51cd260_0;
    %cmp/e;
    %jmp/0xz  T_1.4, 4;
    %vpi_call 2 26 "$display", "Third test pass" {0 0 0};
    %jmp T_1.5;
T_1.4 ;
    %vpi_call 2 28 "$display", "Third test fail" {0 0 0};
T_1.5 ;
    %delay 1, 0;
    %pushi/vec4 1, 0, 1;
    %store/vec4 v000001bec51ccc20_0, 0, 1;
    %load/vec4 v000001bec51cce00_0;
    %load/vec4 v000001bec51ccb80_0;
    %cmp/e;
    %jmp/0xz  T_1.6, 4;
    %vpi_call 2 32 "$display", "Fourth test pass" {0 0 0};
    %jmp T_1.7;
T_1.6 ;
    %vpi_call 2 34 "$display", "Fourth test fail" {0 0 0};
T_1.7 ;
    %delay 1, 0;
    %pushi/vec4 28128, 0, 16;
    %store/vec4 v000001bec51ccb80_0, 0, 16;
    %load/vec4 v000001bec51cce00_0;
    %load/vec4 v000001bec51ccb80_0;
    %cmp/e;
    %jmp/0xz  T_1.8, 4;
    %vpi_call 2 38 "$display", "Fifth test pass" {0 0 0};
    %jmp T_1.9;
T_1.8 ;
    %vpi_call 2 40 "$display", "Fifth test fail" {0 0 0};
T_1.9 ;
    %delay 1, 0;
    %end;
    .thread T_1;
# The file index is used to find the file name in the following table.
:file_names 5;
    "N/A";
    "<interactive>";
    ".\VerilogRecreation\Mux16_tb.v";
    ".\VerilogRecreation/Mux16.v";
    ".\VerilogRecreation/Mux.v";
